CRITICAL - 2022-12-15 17:15:46 --> The framework needs the following extension(s) installed and loaded: intl.
#0 C:\xampp\htdocs\cafein-master\system\CodeIgniter.php(219): CodeIgniter\Exceptions\FrameworkException::forMissingExtension('intl')
#1 C:\xampp\htdocs\cafein-master\system\CodeIgniter.php(177): CodeIgniter\CodeIgniter->resolvePlatformExtensions()
#2 C:\xampp\htdocs\cafein-master\system\bootstrap.php(146): CodeIgniter\CodeIgniter->initialize()
#3 C:\xampp\htdocs\cafein-master\index.php(28): require('C:\\xampp\\htdocs...')
#4 {main}
ERROR - 2022-12-15 10:17:42 --> Error connecting to the database: Unknown database 'cafein'
CRITICAL - 2022-12-15 10:17:42 --> Unable to connect to the database.
Main connection [MySQLi]: Unknown database 'cafein'
#0 C:\xampp\htdocs\cafein-master\system\Database\BaseConnection.php(577): CodeIgniter\Database\BaseConnection->initialize()
#1 C:\xampp\htdocs\cafein-master\system\Database\BaseBuilder.php(1443): CodeIgniter\Database\BaseConnection->query('SELECT *\nFROM `...', Array, false)
#2 C:\xampp\htdocs\cafein-master\system\Model.php(183): CodeIgniter\Database\BaseBuilder->get()
#3 C:\xampp\htdocs\cafein-master\system\BaseModel.php(584): CodeIgniter\Model->doFindAll(0, 0)
#4 C:\xampp\htdocs\cafein-master\app\Controllers\Dashboard.php(24): CodeIgniter\BaseModel->findAll()
#5 C:\xampp\htdocs\cafein-master\system\CodeIgniter.php(824): App\Controllers\Dashboard->index()
#6 C:\xampp\htdocs\cafein-master\system\CodeIgniter.php(410): CodeIgniter\CodeIgniter->runController(Object(App\Controllers\Dashboard))
#7 C:\xampp\htdocs\cafein-master\system\CodeIgniter.php(318): CodeIgniter\CodeIgniter->handleRequest(NULL, Object(Config\Cache), false)
#8 C:\xampp\htdocs\cafein-master\index.php(37): CodeIgniter\CodeIgniter->run()
#9 {main}
CRITICAL - 2022-12-15 17:23:31 --> The framework needs the following extension(s) installed and loaded: intl.
#0 C:\xampp\htdocs\cafein-master\system\CodeIgniter.php(219): CodeIgniter\Exceptions\FrameworkException::forMissingExtension('intl')
#1 C:\xampp\htdocs\cafein-master\system\CodeIgniter.php(177): CodeIgniter\CodeIgniter->resolvePlatformExtensions()
#2 C:\xampp\htdocs\cafein-master\system\bootstrap.php(146): CodeIgniter\CodeIgniter->initialize()
#3 C:\xampp\htdocs\cafein-master\index.php(28): require('C:\\xampp\\htdocs...')
#4 {main}
CRITICAL - 2022-12-15 17:23:38 --> The framework needs the following extension(s) installed and loaded: intl.
#0 C:\xampp\htdocs\cafein-master\system\CodeIgniter.php(219): CodeIgniter\Exceptions\FrameworkException::forMissingExtension('intl')
#1 C:\xampp\htdocs\cafein-master\system\CodeIgniter.php(177): CodeIgniter\CodeIgniter->resolvePlatformExtensions()
#2 C:\xampp\htdocs\cafein-master\system\bootstrap.php(146): CodeIgniter\CodeIgniter->initialize()
#3 C:\xampp\htdocs\cafein-master\index.php(28): require('C:\\xampp\\htdocs...')
#4 {main}
CRITICAL - 2022-12-15 17:23:47 --> The framework needs the following extension(s) installed and loaded: intl.
#0 C:\xampp\htdocs\cafein-master\system\CodeIgniter.php(219): CodeIgniter\Exceptions\FrameworkException::forMissingExtension('intl')
#1 C:\xampp\htdocs\cafein-master\system\CodeIgniter.php(177): CodeIgniter\CodeIgniter->resolvePlatformExtensions()
#2 C:\xampp\htdocs\cafein-master\system\bootstrap.php(146): CodeIgniter\CodeIgniter->initialize()
#3 C:\xampp\htdocs\cafein-master\index.php(28): require('C:\\xampp\\htdocs...')
#4 {main}
CRITICAL - 2022-12-15 17:24:21 --> The framework needs the following extension(s) installed and loaded: intl.
#0 C:\xampp\htdocs\cafein-master\system\CodeIgniter.php(219): CodeIgniter\Exceptions\FrameworkException::forMissingExtension('intl')
#1 C:\xampp\htdocs\cafein-master\system\CodeIgniter.php(177): CodeIgniter\CodeIgniter->resolvePlatformExtensions()
#2 C:\xampp\htdocs\cafein-master\system\bootstrap.php(146): CodeIgniter\CodeIgniter->initialize()
#3 C:\xampp\htdocs\cafein-master\index.php(28): require('C:\\xampp\\htdocs...')
#4 {main}
CRITICAL - 2022-12-15 17:24:24 --> The framework needs the following extension(s) installed and loaded: intl.
#0 C:\xampp\htdocs\cafein-master\system\CodeIgniter.php(219): CodeIgniter\Exceptions\FrameworkException::forMissingExtension('intl')
#1 C:\xampp\htdocs\cafein-master\system\CodeIgniter.php(177): CodeIgniter\CodeIgniter->resolvePlatformExtensions()
#2 C:\xampp\htdocs\cafein-master\system\bootstrap.php(146): CodeIgniter\CodeIgniter->initialize()
#3 C:\xampp\htdocs\cafein-master\index.php(28): require('C:\\xampp\\htdocs...')
#4 {main}
CRITICAL - 2022-12-15 17:31:27 --> The framework needs the following extension(s) installed and loaded: intl.
#0 C:\xampp\htdocs\cafein-master\system\CodeIgniter.php(219): CodeIgniter\Exceptions\FrameworkException::forMissingExtension('intl')
#1 C:\xampp\htdocs\cafein-master\system\CodeIgniter.php(177): CodeIgniter\CodeIgniter->resolvePlatformExtensions()
#2 C:\xampp\htdocs\cafein-master\system\bootstrap.php(146): CodeIgniter\CodeIgniter->initialize()
#3 C:\xampp\htdocs\cafein-master\index.php(28): require('C:\\xampp\\htdocs...')
#4 {main}
CRITICAL - 2022-12-15 17:50:07 --> The framework needs the following extension(s) installed and loaded: intl.
#0 C:\xampp\htdocs\cafein-master\system\CodeIgniter.php(219): CodeIgniter\Exceptions\FrameworkException::forMissingExtension('intl')
#1 C:\xampp\htdocs\cafein-master\system\CodeIgniter.php(177): CodeIgniter\CodeIgniter->resolvePlatformExtensions()
#2 C:\xampp\htdocs\cafein-master\system\bootstrap.php(146): CodeIgniter\CodeIgniter->initialize()
#3 C:\xampp\htdocs\cafein-master\index.php(28): require('C:\\xampp\\htdocs...')
#4 {main}
ERROR - 2022-12-15 10:50:51 --> Error connecting to the database: Unknown database 'cafein'
CRITICAL - 2022-12-15 10:50:51 --> Unable to connect to the database.
Main connection [MySQLi]: Unknown database 'cafein'
#0 C:\xampp\htdocs\cafein-master\system\Database\BaseConnection.php(577): CodeIgniter\Database\BaseConnection->initialize()
#1 C:\xampp\htdocs\cafein-master\system\Database\BaseBuilder.php(1443): CodeIgniter\Database\BaseConnection->query('SELECT *\nFROM `...', Array, false)
#2 C:\xampp\htdocs\cafein-master\system\Model.php(183): CodeIgniter\Database\BaseBuilder->get()
#3 C:\xampp\htdocs\cafein-master\system\BaseModel.php(584): CodeIgniter\Model->doFindAll(0, 0)
#4 C:\xampp\htdocs\cafein-master\app\Controllers\Dashboard.php(24): CodeIgniter\BaseModel->findAll()
#5 C:\xampp\htdocs\cafein-master\system\CodeIgniter.php(824): App\Controllers\Dashboard->index()
#6 C:\xampp\htdocs\cafein-master\system\CodeIgniter.php(410): CodeIgniter\CodeIgniter->runController(Object(App\Controllers\Dashboard))
#7 C:\xampp\htdocs\cafein-master\system\CodeIgniter.php(318): CodeIgniter\CodeIgniter->handleRequest(NULL, Object(Config\Cache), false)
#8 C:\xampp\htdocs\cafein-master\index.php(37): CodeIgniter\CodeIgniter->run()
#9 {main}
ERROR - 2022-12-15 10:50:53 --> Error connecting to the database: Unknown database 'cafein'
CRITICAL - 2022-12-15 10:50:53 --> Unable to connect to the database.
Main connection [MySQLi]: Unknown database 'cafein'
#0 C:\xampp\htdocs\cafein-master\system\Database\BaseConnection.php(577): CodeIgniter\Database\BaseConnection->initialize()
#1 C:\xampp\htdocs\cafein-master\system\Database\BaseBuilder.php(1443): CodeIgniter\Database\BaseConnection->query('SELECT *\nFROM `...', Array, false)
#2 C:\xampp\htdocs\cafein-master\system\Model.php(183): CodeIgniter\Database\BaseBuilder->get()
#3 C:\xampp\htdocs\cafein-master\system\BaseModel.php(584): CodeIgniter\Model->doFindAll(0, 0)
#4 C:\xampp\htdocs\cafein-master\app\Controllers\Dashboard.php(24): CodeIgniter\BaseModel->findAll()
#5 C:\xampp\htdocs\cafein-master\system\CodeIgniter.php(824): App\Controllers\Dashboard->index()
#6 C:\xampp\htdocs\cafein-master\system\CodeIgniter.php(410): CodeIgniter\CodeIgniter->runController(Object(App\Controllers\Dashboard))
#7 C:\xampp\htdocs\cafein-master\system\CodeIgniter.php(318): CodeIgniter\CodeIgniter->handleRequest(NULL, Object(Config\Cache), false)
#8 C:\xampp\htdocs\cafein-master\index.php(37): CodeIgniter\CodeIgniter->run()
#9 {main}
ERROR - 2022-12-15 10:50:55 --> Error connecting to the database: Unknown database 'cafein'
CRITICAL - 2022-12-15 10:50:55 --> Unable to connect to the database.
Main connection [MySQLi]: Unknown database 'cafein'
#0 C:\xampp\htdocs\cafein-master\system\Database\BaseConnection.php(577): CodeIgniter\Database\BaseConnection->initialize()
#1 C:\xampp\htdocs\cafein-master\system\Database\BaseBuilder.php(1443): CodeIgniter\Database\BaseConnection->query('SELECT *\nFROM `...', Array, false)
#2 C:\xampp\htdocs\cafein-master\system\Model.php(183): CodeIgniter\Database\BaseBuilder->get()
#3 C:\xampp\htdocs\cafein-master\system\BaseModel.php(584): CodeIgniter\Model->doFindAll(0, 0)
#4 C:\xampp\htdocs\cafein-master\app\Controllers\Dashboard.php(24): CodeIgniter\BaseModel->findAll()
#5 C:\xampp\htdocs\cafein-master\system\CodeIgniter.php(824): App\Controllers\Dashboard->index()
#6 C:\xampp\htdocs\cafein-master\system\CodeIgniter.php(410): CodeIgniter\CodeIgniter->runController(Object(App\Controllers\Dashboard))
#7 C:\xampp\htdocs\cafein-master\system\CodeIgniter.php(318): CodeIgniter\CodeIgniter->handleRequest(NULL, Object(Config\Cache), false)
#8 C:\xampp\htdocs\cafein-master\index.php(37): CodeIgniter\CodeIgniter->run()
#9 {main}
ERROR - 2022-12-15 10:50:56 --> Error connecting to the database: Unknown database 'cafein'
CRITICAL - 2022-12-15 10:50:56 --> Unable to connect to the database.
Main connection [MySQLi]: Unknown database 'cafein'
#0 C:\xampp\htdocs\cafein-master\system\Database\BaseConnection.php(577): CodeIgniter\Database\BaseConnection->initialize()
#1 C:\xampp\htdocs\cafein-master\system\Database\BaseBuilder.php(1443): CodeIgniter\Database\BaseConnection->query('SELECT *\nFROM `...', Array, false)
#2 C:\xampp\htdocs\cafein-master\system\Model.php(183): CodeIgniter\Database\BaseBuilder->get()
#3 C:\xampp\htdocs\cafein-master\system\BaseModel.php(584): CodeIgniter\Model->doFindAll(0, 0)
#4 C:\xampp\htdocs\cafein-master\app\Controllers\Dashboard.php(24): CodeIgniter\BaseModel->findAll()
#5 C:\xampp\htdocs\cafein-master\system\CodeIgniter.php(824): App\Controllers\Dashboard->index()
#6 C:\xampp\htdocs\cafein-master\system\CodeIgniter.php(410): CodeIgniter\CodeIgniter->runController(Object(App\Controllers\Dashboard))
#7 C:\xampp\htdocs\cafein-master\system\CodeIgniter.php(318): CodeIgniter\CodeIgniter->handleRequest(NULL, Object(Config\Cache), false)
#8 C:\xampp\htdocs\cafein-master\index.php(37): CodeIgniter\CodeIgniter->run()
#9 {main}
CRITICAL - 2022-12-15 17:52:28 --> The framework needs the following extension(s) installed and loaded: intl.
#0 C:\xampp\htdocs\cafein-master\system\CodeIgniter.php(219): CodeIgniter\Exceptions\FrameworkException::forMissingExtension('intl')
#1 C:\xampp\htdocs\cafein-master\system\CodeIgniter.php(177): CodeIgniter\CodeIgniter->resolvePlatformExtensions()
#2 C:\xampp\htdocs\cafein-master\system\bootstrap.php(146): CodeIgniter\CodeIgniter->initialize()
#3 C:\xampp\htdocs\cafein-master\index.php(28): require('C:\\xampp\\htdocs...')
#4 {main}
CRITICAL - 2022-12-15 17:57:02 --> Undefined variable $extensionintl
#0 C:\xampp\htdocs\cafein-master\system\CodeIgniter.php(219): CodeIgniter\Debug\Exceptions->errorHandler(2, 'Undefined varia...', 'C:\\xampp\\htdocs...', 219)
#1 C:\xampp\htdocs\cafein-master\system\CodeIgniter.php(177): CodeIgniter\CodeIgniter->resolvePlatformExtensions()
#2 C:\xampp\htdocs\cafein-master\system\bootstrap.php(146): CodeIgniter\CodeIgniter->initialize()
#3 C:\xampp\htdocs\cafein-master\index.php(28): require('C:\\xampp\\htdocs...')
#4 {main}
CRITICAL - 2022-12-15 17:57:35 --> The framework needs the following extension(s) installed and loaded: intl.
#0 C:\xampp\htdocs\cafein-master\system\CodeIgniter.php(219): CodeIgniter\Exceptions\FrameworkException::forMissingExtension('intl')
#1 C:\xampp\htdocs\cafein-master\system\CodeIgniter.php(177): CodeIgniter\CodeIgniter->resolvePlatformExtensions()
#2 C:\xampp\htdocs\cafein-master\system\bootstrap.php(146): CodeIgniter\CodeIgniter->initialize()
#3 C:\xampp\htdocs\cafein-master\index.php(28): require('C:\\xampp\\htdocs...')
#4 {main}
ERROR - 2022-12-15 10:59:48 --> Error connecting to the database: Unknown database 'cafein'
CRITICAL - 2022-12-15 10:59:48 --> Unable to connect to the database.
Main connection [MySQLi]: Unknown database 'cafein'
#0 C:\xampp\htdocs\cafein-master\system\Database\BaseConnection.php(577): CodeIgniter\Database\BaseConnection->initialize()
#1 C:\xampp\htdocs\cafein-master\system\Database\BaseBuilder.php(1443): CodeIgniter\Database\BaseConnection->query('SELECT *\nFROM `...', Array, false)
#2 C:\xampp\htdocs\cafein-master\system\Model.php(183): CodeIgniter\Database\BaseBuilder->get()
#3 C:\xampp\htdocs\cafein-master\system\BaseModel.php(584): CodeIgniter\Model->doFindAll(0, 0)
#4 C:\xampp\htdocs\cafein-master\app\Controllers\Dashboard.php(24): CodeIgniter\BaseModel->findAll()
#5 C:\xampp\htdocs\cafein-master\system\CodeIgniter.php(824): App\Controllers\Dashboard->index()
#6 C:\xampp\htdocs\cafein-master\system\CodeIgniter.php(410): CodeIgniter\CodeIgniter->runController(Object(App\Controllers\Dashboard))
#7 C:\xampp\htdocs\cafein-master\system\CodeIgniter.php(318): CodeIgniter\CodeIgniter->handleRequest(NULL, Object(Config\Cache), false)
#8 C:\xampp\htdocs\cafein-master\index.php(37): CodeIgniter\CodeIgniter->run()
#9 {main}
ERROR - 2022-12-15 11:23:39 --> Error connecting to the database: Unknown database 'cafein'
CRITICAL - 2022-12-15 11:23:39 --> Unable to connect to the database.
Main connection [MySQLi]: Unknown database 'cafein'
#0 C:\xampp\htdocs\cafein-master\system\Database\BaseConnection.php(577): CodeIgniter\Database\BaseConnection->initialize()
#1 C:\xampp\htdocs\cafein-master\system\Database\BaseBuilder.php(1443): CodeIgniter\Database\BaseConnection->query('SELECT *\nFROM `...', Array, false)
#2 C:\xampp\htdocs\cafein-master\system\Model.php(183): CodeIgniter\Database\BaseBuilder->get()
#3 C:\xampp\htdocs\cafein-master\system\BaseModel.php(584): CodeIgniter\Model->doFindAll(0, 0)
#4 C:\xampp\htdocs\cafein-master\app\Controllers\Dashboard.php(24): CodeIgniter\BaseModel->findAll()
#5 C:\xampp\htdocs\cafein-master\system\CodeIgniter.php(824): App\Controllers\Dashboard->index()
#6 C:\xampp\htdocs\cafein-master\system\CodeIgniter.php(410): CodeIgniter\CodeIgniter->runController(Object(App\Controllers\Dashboard))
#7 C:\xampp\htdocs\cafein-master\system\CodeIgniter.php(318): CodeIgniter\CodeIgniter->handleRequest(NULL, Object(Config\Cache), false)
#8 C:\xampp\htdocs\cafein-master\index.php(37): CodeIgniter\CodeIgniter->run()
#9 {main}
